[debug] [2025-04-10T03:22:02.371Z] ----------------------------------------------------------------------
[debug] [2025-04-10T03:22:02.373Z] Command:       /nix/store/ixbb20farqh1f4fqbmsn6b1ixn8mc8ij-nodejs-20.18.1/bin/node /nix/store/b9a1wqzb1vkh5xd2mrp196csvbgv8j13-firebase-tools-14.0.1/lib/node_modules/firebase-tools/lib/bin/firebase.js init hosting
[debug] [2025-04-10T03:22:02.374Z] CLI Version:   14.0.1
[debug] [2025-04-10T03:22:02.374Z] Platform:      linux
[debug] [2025-04-10T03:22:02.374Z] Node Version:  v20.18.1
[debug] [2025-04-10T03:22:02.374Z] Time:          Thu Apr 10 2025 03:22:02 GMT+0000 (Coordinated Universal Time)
[debug] [2025-04-10T03:22:02.374Z] ----------------------------------------------------------------------
[debug] 
[debug] [2025-04-10T03:22:02.381Z] > command requires scopes: ["email","openid","https://www.googleapis.com/auth/cloudplatformprojects.readonly","https://www.googleapis.com/auth/firebase","https://www.googleapis.com/auth/cloud-platform"]
[debug] [2025-04-10T03:22:02.382Z] > authorizing via signed-in user (lambourneofficialmusic@gmail.com)
[info] 
     ######## #### ########  ######## ########     ###     ######  ########
     ##        ##  ##     ## ##       ##     ##  ##   ##  ##       ##
     ######    ##  ########  ######   ########  #########  ######  ######
     ##        ##  ##    ##  ##       ##     ## ##     ##       ## ##
     ##       #### ##     ## ######## ########  ##     ##  ######  ########

You're about to initialize a Firebase project in this directory:

  /home/user/wrapsrl

[info] 
=== Project Setup
[info] 
[info] First, let's associate this project directory with a Firebase project.
[info] You can create multiple project aliases by running firebase use --add, 
[info] but for now we'll just set up a default project.
[info] 
[info] i  If you want to create a project in a Google Cloud organization or folder, please use "firebase projects:create" instead, and return to this command when you've created the project. 
[debug] [2025-04-10T03:23:12.005Z] Checked if tokens are valid: true, expires at: 1744258910451
[debug] [2025-04-10T03:23:12.005Z] Checked if tokens are valid: true, expires at: 1744258910451
[debug] [2025-04-10T03:23:12.008Z] >>> [apiv2][query] POST https://cloudresourcemanager.googleapis.com/v1/projects [none]
[debug] [2025-04-10T03:23:12.008Z] >>> [apiv2][body] POST https://cloudresourcemanager.googleapis.com/v1/projects {"projectId":"WrapsRL","name":"WrapsRL"}
[debug] [2025-04-10T03:23:12.217Z] <<< [apiv2][status] POST https://cloudresourcemanager.googleapis.com/v1/projects 400
[debug] [2025-04-10T03:23:12.218Z] <<< [apiv2][body] POST https://cloudresourcemanager.googleapis.com/v1/projects {"error":{"code":400,"message":"field [project_id] has issue [project_id contains invalid characters]","status":"INVALID_ARGUMENT","details":[{"@type":"type.googleapis.com/google.rpc.BadRequest","fieldViolations":[{"field":"project_id","description":"project_id contains invalid characters"}]},{"@type":"type.googleapis.com/google.rpc.Help","links":[{"url":"https://cloud.google.com/resource-manager/reference/rest/v1/projects"}]}]}}
[debug] [2025-04-10T03:23:12.239Z] FirebaseError: Request to https://cloudresourcemanager.googleapis.com/v1/projects had HTTP Error: 400, field [project_id] has issue [project_id contains invalid characters]
    at responseToError (/nix/store/b9a1wqzb1vkh5xd2mrp196csvbgv8j13-firebase-tools-14.0.1/lib/node_modules/firebase-tools/lib/responseToError.js:52:12)
    at RetryOperation._fn (/nix/store/b9a1wqzb1vkh5xd2mrp196csvbgv8j13-firebase-tools-14.0.1/lib/node_modules/firebase-tools/lib/apiv2.js:312:77)
    at process.processTicksAndRejections (node:internal/process/task_queues:95:5)
[error] 
[error] Error: Failed to create project. See firebase-debug.log for more info.
